<?xml version="1.0" encoding="UTF-8"?>
<!-- Generated by org.testng.reporters.JUnitXMLReporter -->
<testsuite ignored="0" hostname="DESKTOP-8IGVU3A" failures="2" tests="3" name="Command line test" time="13.682" errors="0" timestamp="2023-10-07T03:05:33 EEST">
  <testcase classname="TestCases.TC1_Search" name="validateSearchResultContainsKeyword" time="2.219">
    <failure type="java.lang.AssertionError" message="The first result does not contain the keyword &amp;apos;instabug&amp;apos;. expected [true] but found [false]">
      <![CDATA[java.lang.AssertionError: The first result does not contain the keyword 'instabug'. expected [true] but found [false]
at TestCases.TC1_Search.validateSearchResultContainsKeyword(TC1_Search.java:17)
at java.base/java.util.ArrayList.forEach(ArrayList.java:1511)
at TestCases.TestRunner.main(TestRunner.java:17)
... Removed 25 stack frames]]>
    </failure>
  </testcase> <!-- validateSearchResultContainsKeyword -->
  <testcase classname="TestCases.TC2_ResultText" name="validateResults" time="2.33">
    <failure type="org.openqa.selenium.TimeoutException" message="Expected condition failed: waiting for visibility of element located by By.className: wM6W7d (tried for 2 second(s) with 500 milliseconds interval)
Build info: version: &amp;apos;4.13.0&amp;apos;, revision: &amp;apos;ba948ece5b*&amp;apos;
System info: os.name: &amp;apos;Windows 11&amp;apos;, os.arch: &amp;apos;amd64&amp;apos;, os.version: &amp;apos;10.0&amp;apos;, java.version: &amp;apos;20.0.2&amp;apos;
Driver info: org.openqa.selenium.chrome.ChromeDriver
Capabilities {acceptInsecureCerts: false, browserName: chrome, browserVersion: 117.0.5938.134, chrome: {chromedriverVersion: 117.0.5938.149 (e3344ddefa1..., userDataDir: C:\Users\PC\AppData\Local\T...}, fedcm:accounts: true, goog:chromeOptions: {debuggerAddress: localhost:58303}, networkConnectionEnabled: false, pageLoadStrategy: normal, platformName: windows, proxy: Proxy(), se:cdp: ws://localhost:58303/devtoo..., se:cdpVersion: 117.0.5938.134, setWindowRect: true, strictFileInteractability: false, timeouts: {implicit: 0, pageLoad: 300000, script: 30000}, unhandledPromptBehavior: dismiss and notify, webauthn:extension:credBlob: true, webauthn:extension:largeBlob: true, webauthn:extension:minPinLength: true, webauthn:extension:prf: true, webauthn:virtualAuthenticators: true}
Session ID: beff45adbec7054eb8a3aed27917885c">
      <![CDATA[org.openqa.selenium.TimeoutException: Expected condition failed: waiting for visibility of element located by By.className: wM6W7d (tried for 2 second(s) with 500 milliseconds interval)
Build info: version: '4.13.0', revision: 'ba948ece5b*'
System info: os.name: 'Windows 11', os.arch: 'amd64', os.version: '10.0', java.version: '20.0.2'
Driver info: org.openqa.selenium.chrome.ChromeDriver
Capabilities {acceptInsecureCerts: false, browserName: chrome, browserVersion: 117.0.5938.134, chrome: {chromedriverVersion: 117.0.5938.149 (e3344ddefa1..., userDataDir: C:\Users\PC\AppData\Local\T...}, fedcm:accounts: true, goog:chromeOptions: {debuggerAddress: localhost:58303}, networkConnectionEnabled: false, pageLoadStrategy: normal, platformName: windows, proxy: Proxy(), se:cdp: ws://localhost:58303/devtoo..., se:cdpVersion: 117.0.5938.134, setWindowRect: true, strictFileInteractability: false, timeouts: {implicit: 0, pageLoad: 300000, script: 30000}, unhandledPromptBehavior: dismiss and notify, webauthn:extension:credBlob: true, webauthn:extension:largeBlob: true, webauthn:extension:minPinLength: true, webauthn:extension:prf: true, webauthn:virtualAuthenticators: true}
Session ID: beff45adbec7054eb8a3aed27917885c
at org.openqa.selenium.support.ui.WebDriverWait.timeoutException(WebDriverWait.java:84)
at org.openqa.selenium.support.ui.FluentWait.until(FluentWait.java:230)
at Page.GoogleSearch.getDropDownResults(GoogleSearch.java:43)
at TestCases.TC2_ResultText.validateResults(TC2_ResultText.java:15)
at java.base/java.util.ArrayList.forEach(ArrayList.java:1511)
at TestCases.TestRunner.main(TestRunner.java:17)
... Removed 22 stack frames]]>
    </failure>
  </testcase> <!-- validateResults -->
  <testcase classname="TestCases.TC3_WrongSearch" name="validateCorrectionOfKeyword" time="1.97"/>
</testsuite> <!-- Command line test -->
